aoc: Selected target board p520_max_sg280l
aoc: Running OpenCL parser....
aoc: OpenCL parser completed successfully.
aoc: Linking Object files....
aoc: Optimizing and doing static analysis of code...

!===========================================================================
! The report below may be inaccurate. A more comprehensive           
! resource usage report can be found at inception_nnvm/reports/report.html    
!===========================================================================

+--------------------------------------------------------------------+
; Estimated Resource Usage Summary                                   ;
+----------------------------------------+---------------------------+
; Resource                               + Usage                     ;
+----------------------------------------+---------------------------+
; Logic utilization                      ;  243%                     ;
; ALUTs                                  ;  104%                     ;
; Dedicated logic registers              ;  141%                     ;
; Memory blocks                          ;  124%                     ;
; DSP blocks                             ;   27%                     ;
+----------------------------------------+---------------------------;
aoc: First stage compilation completed successfully.
aoc: Selected target board p520_max_sg280l
aoc: Running OpenCL parser....
aoc: OpenCL parser completed successfully.
aoc: Linking Object files....
aoc: Optimizing and doing static analysis of code...
Internal Error: DSP Builder for Intel(R) FPGAs - Advanced Blockset Internal Restriction: 'truncatedFunctionNames.count(llvmFunctionName) == 0 || truncatedFunctionNames.at(llvmFunctionName) == fullLengthFuncName'. At least two llvm function names were not unique within the first 40 characters. <fused_strided_slice_transpose_multiply_add_nn_relu_transpose_nn_pad_15_kernel0> and <fused_strided_slice_transpose_multiply_add_nn_relu_transpose_multiply_add_nn_rel_12232970518842145914__2_kernel0>.The common backend can not abbreviate these names safely and entity name global uniqueness errors may occur. in util::io::AbbreviateFileName at p4/ip/aion/src/util/path_utils.cpp:386. 
Error: DSP Builder for Intel(R) FPGAs - Advanced Blockset Internal Restriction: 'truncatedFunctionNames.count(llvmFunctionName) == 0 || truncatedFunctionNames.at(llvmFunctionName) == fullLengthFuncName'. At least two llvm function names were not unique within the first 40 characters. <fused_strided_slice_transpose_multiply_add_nn_relu_transpose_nn_pad_15_kernel0> and <fused_strided_slice_transpose_multiply_add_nn_relu_transpose_multiply_add_nn_rel_12232970518842145914__2_kernel0>.The common backend can not abbreviate these names safely and entity name global uniqueness errors may occur. in util::io::AbbreviateFileName at p4/ip/aion/src/util/path_utils.cpp:386. Error: Verilog generator FAILED.
Refer to inception_nchw/inception_nchw.log for details.

aoc: Selected target board p520_max_sg280l
aoc: Running OpenCL parser....
aoc: OpenCL parser completed successfully.
aoc: Linking Object files....
aoc: Optimizing and doing static analysis of code...

!===========================================================================
! The report below may be inaccurate. A more comprehensive           
! resource usage report can be found at inception/reports/report.html    
!===========================================================================

+--------------------------------------------------------------------+
; Estimated Resource Usage Summary                                   ;
+----------------------------------------+---------------------------+
; Resource                               + Usage                     ;
+----------------------------------------+---------------------------+
; Logic utilization                      ;  398%                     ;
; ALUTs                                  ;  204%                     ;
; Dedicated logic registers              ;  205%                     ;
; Memory blocks                          ;  298%                     ;
; DSP blocks                             ;   38%                     ;
+----------------------------------------+---------------------------;
aoc: First stage compilation completed successfully.
